25231584967331448
11368187736684240
12712175826061434
27338175043230082
7028255818566300
88884273065246080
8248635402433920
41147100012451680
160369960505295705
101226566999195934
28822326383117790
3719291808743820
99106816006859815
41092459033052295
67317148398861900
27208354687157622
9287540410362500
5798438390057210
117822907132031283
68212039404217284
11876193726932332
5030367451324345
20025735477262557
613976542939292
161865954593179968
40868713727049476
123290964465837480
38359316637650834
5794744910198400
20582947096399008
79375755889489410
14135035482017112
114022404951321256
51139425344458857
2458270157693124
103029294952827360
108345121507593936
38424355118651845
66608240283592190
163588448923767400
111025029874661952
15757964230545685
22317659021914694
76284719895187251
753558768591187
94031084045767440
11403901724635420
8021701628094028
1713811971449474
47620642704141958
64587736163115360
19299411368947986
146819388168623000
29548128026040978
65878648556300758
104746831268576364
40590784022088565
155282649476815588
48390834270384487
82353696755971680
23536714681155552
59891367613633920
7042547984904588
5868443392624800
28531592203416102
9566822825932323
77583415725800222
135179974097742865
44726203631502848
63077135943899620
14684775577540587
53529146249951300
95665283816445200
143288586579533824
81333315364001220
5123255577110541
40696130174294238
53812687543942964
61801202649489954
162405780639009672
48175868738716992
1304656480516275
4225005503441748
22250562269899658
173056882120052216
17017678920921120
121365802280619108
14657374236416250
72284889155813880
35180803711974600
194686959457486971
18233248668361003
170310395609614430
86878570104661436
63068256356826240
127166890446378088
182314583294164754
5048583072218049
28444392352006623
179319046872737451
