25231584967331448
11368187736684240
12712175826061434
27338175043230082
7028255818566300
88884273065246080
8248635402433920
41147100012451680
160369960505295705
101226566999195934
28822326383117790
3719291808743820
99106816006859815
41092459033052295
67317148398861900
27208354687157622
9287540410362500
5798438390057210
117822907132031283
68212039404217284
11876193726932332
5030367451324345
20025735477262557
613976542939292
161865954593179968
40868713727049476
123290964465837480
38359316637650834
5794744910198400
20582947096399008
79375755889489410
14135035482017112
114022404951321256
51139425344458857
2458270157693124
103029294952827360
108345121507593936
38424355118651845
66608240283592190
163588448923767400
111025029874661952
15757964230545685
22317659021914694
76284719895187251
753558768591187
94031084045767440
11403901724635420
8021701628094028
1713811971449474
47620642704141958
64587736163115360
19299411368947986
146819388168623000
29548128026040978
65878648556300758
104746831268576364
40590784022088565
155282649476815588
48390834270384487
82353696755971680
23536714681155552
59891367613633920
7042547984904588
5868443392624800
28531592203416102
9566822825932323
77583415725800222
135179974097742865
44726203631502848
63077135943899620
14684775577540587
53529146249951300
95665283816445200
143288586579533824
81333315364001220
5123255577110541
40696130174294238
53812687543942964
61801202649489954
162405780639009672
48175868738716992
1304656480516275
4225005503441748
22250562269899658
173056882120052216
17017678920921120
121365802280619108
14657374236416250
72284889155813880
35180803711974600
194686959457486971
18233248668361003
170310395609614430
86878570104661436
63068256356826240
127166890446378088
182314583294164754
5048583072218049
28444392352006623
179319046872737451
40037857160165280
11760253558608177
218591839273458
74223930491292732
12650920429071768
55065397635081190
55704259441843042
210937070201611182
2709930097743858
38722815561370824
140161304649467060
14745366347786052
60413410456535112
62460774067777800
916223523570400
5908789277164800
35307795110138802
65307061163604420
6726264252210837
239670919393671455
29321130156240876
56514540063721690
219235489955164617
39906168193026720
115144871379051220
36059259683915470
118631843211407680
79142487113664000
95004331362893489
106986464132564723
71709273469661355
102733640310918240
51487548240869136
77132289621198393
21473874463886595
178030640489790033
16608687024715198
117031995059792130
89388892677551220
62968570035893256
102423844461353310
139568295654104020
64663590606930144
50898596171528142
7298834403803275
82631921975759520
46544968335740000
139355616988552560
12972270374724024
2414516574348300
4105445870174485
655359842989200
166134795258314001
49843026122395216
160319487427603696
190035606743200460
17081479213007040
54026897382842310
1337714403925284
4023929911756272
63461171477733120
141182932013944739
8817920239639710
220793393062312488
23710651874749980
927919090035246
39357976445295878
23585450978905920
33384013881828480
130891633964137485
67605181246722256
2933425705611933
69148742154021945
105056906396255700
125952050209846185
193599271971762625
156058532116323680
3752498325240525
125696268834464556
4748394811036220
73612401316046472
42651815884919635
94972921138854720
216697438113486784
77977513146199680
38692097091361266
96182055147198825
60820398848308320
150747034280467344
3722542660851855
5909219633266560
105505779140405280
29990362133167960
27503425326120576
39462626586241110
22782574454439060
78490691772013855
208599424325112466
137692759938930680
159963580743283660
74249123058601920
466887261500439
17161419521971260
623379782293552
64466797028034225
163007972179886856
182535491618320
12955036861917526
57675996911362146
49503059902544560
105901273391272591
63664937221924500
23081317333633925
41972081046041089
32026568278026204
91495087544008655
221622210635296094
19886833390036910
10006796459886944
13497753738495598
86763302465327436
100296056398641865
103733310273645780
36701091739913583
12409860406480306
53564716032408460
18605477758364640
35664546255926588
157497851421395649
47184263525915160
80584837255646
21961551224433095
143614226463161380
146985493866940344
214560620199444150
14802303235179396
11591274415997868
33303536197556910
70473664858685096
3872368346300848
104972747036069524
87158056558684160
32135652964467571
12494383515625837
31530575949718735
14750295906506759
433311895710370
12239334361833852
56127033558580418
16070844289890624
59950948007131155
91760883973782294
173257394679780180
42392345212052490
27094206165619954
9336114519846972
155598537142039530
66395313716591206
1827140257868575
31804227833821080
42068647642013787
90652049953673190
145761507747386836
56830527680636880
68903833510350185
32696545946938125
7377702241497120
44184604607521440
173270953094653655
118950293664310200
76860093527979840
43478974602795340
26605393986339392
19318881311505750
67055534003834397
149291435444239348
21595506652020333
95395850623998200
517192038838809
34705674830793372
70371962787840736
74940505878766735
8894470069030222
60911866282221444
84813289466555520
97798154831748125
4962439409063616
108910900294547904
30222055421128320
59209562216049344
25415256042168045
35990573201163360
90024256324716480
34791153436792150
107711360865573000
74205817760250088
26293452084232872
2916657259639735
2543736905490753
6389542755358648
97076113404799041
77581000086529506
68889292266918760
41422637922560352
16713694092591888
41823979204922166
89801155264967895
107739135707506245
37292175569961312
67898896010056800
11119565199382896
92964436622886045
137984115936634500
19469988317615778
27378239569393752
54476128270674056
41108478726934416
72800759598128640
30193598491267770
192424510672494492
164122453069123700
86259736262392182
4851061036858560
217963476602326650
20984911060678551
10494143790547934
98297744792027040
40674204204779878
61445363125350204
4206715371781250
69344896215730590
140840245021330947
103912003482388748
9738162575306208
49054140259113600
13563949073365736
55800500951803285
43244240944949280
20461092398887416
123488535060216
56261776652840920
493335864523039
101059019732117115
89945210125798776
90552303261576000
22696250584319520
14763401670778848
20040767133719220
39485135656666160
23727123291717648
32543358690657782
34919236438582356
20929546530780370
194382045952847160
76373885004425100
54941545409406077
99870256378710500
4831357908221530
9335069381327040
585222799351580
55102795269350400
109177282588266228
3915381619433984
97273820036914560
6881028654294460
139484042326882260
34724186177063978
52869502059176406
105543477645717696
8548486016335200
81640166339253600
6364428799903200
5052172205543631
66485899719816192
114207543351401565
155550453650043125
5112759553877175
50936337236888319
13611266877119238
49530186590319480
79287259373574432
84348348009270670
86614792617408270
43354542485439260
76347907524393264
42583580937176400
69587405093406624
139266553181009424
35669035498859478
165628175210512560
96038676878595808
17599583954851440
37542491733400269
65274692090549760
27615371944338237
130525158421557204
58060444494899574
117116930451063596
8187221204317000
1081684105596741
39228278985639282
59014183093577436
7919938010027923
18102094961689344
74688839405575200
69179230751841834
66873921513383600
203035295224881880
57075697601759190
59119954301229120
38997069842958066
29261245219779210
27172472473182840
64108665738031338
22440884697722554
18121049010244737
175957511525631042
39337387352933586
88452811019139840
159315908529292648
9630045122779752
11937337077686985
43179840014806428
35518605758888688
2339078216976000
98138288386176325
124936310081940434
102440895793435625
31403891920349193
33171696147983908
39483501165176153
80444314321488000
39035315914882524
135878380793481522
48862408421002775
2776120146040004
97841890091237760
37454514907011543
17464593934572058
14741632661427820
63377132514102224
22743714921841230
27944921113594738
53779949019632440
90836226728913015
55415173700934788
14367761224333920
66680122371873112
42371678300009760
42518865326775744
117122384347293141
217953083382474022
104898782535616832
23568886577082500
101610392434213845
772323413790534
12050031862399034
57679995104027634
1127413335076935
154958514787338768
159399893346932450
183793239229091424
27404640997308824
108538246235581188
8331371362997280
57975803394642756
12246266399734380
5882378201966552
5101344074402388
56890228085727156
70861106281644160
40885658680632480
7144491016541229
79801147127407680
103426528093392225
4070711451310592
79842765639901044
6724585888789005
90638369391660168
36684915491135415
6974661833067315
38648129718556800
44835521003013636
63824392027618560
204275442720379738
133383833268095415
47651798355864095
66029321514985920
62898212472882800
115081104626032482
138936650466436466
2381370359069790
10600705053912320
84603323405007940
72843651301131984
95040340281857152
112855655505884884
35082657440719000
18570666178393185
31132928702547360
14594262268032680
21549884710860600
114469256992095732
35225392173220080
77868430049352228
147188889436129009
93267086458619700
140822660216108396
10899787705314664
6131529147851552
59479021788169510
43241034974031652
78436241149491360
144167374845242619
13923836593272192
126824511772606323
98469134109552960
4390823813242850
16541086215778126
39585265193198604
14908503666195360
59465452173991890
101801568099166734
121464887343366315
70958560963238190
122896850472051949
8089080335116069
133281405308196288
3699682602393832
106384777680941680
69136958081795620
13452133164958208
53783387813646232
21800764224907200
221608499772757079
5565013799467392
27805244503772658
89001984564923136
94274453185698240
124005769981697780
61510497362764544
23437922901964212
14525900264086068
8344349138204340
72287183219455765
9381959604764058
55584598427331225
62454159263234068
29489887045098065
164612577221849658
1100477490855168
18643564273370400
31835713248688689
139030610710675356
1441396500532550
184988662324330752
35032828676947668
7811481281607976
23228836283953131
30885581533060800
102369630648506793
15176859070327614
63038346607753920
22558328379967347
217397849812305760
45916331900544248
94725251202291840
85019542229205920
23784878564863708
50781381106228632
48164409716640576
30393684508749120
74488078284104160
6350880702381232
1608821247830410
21414327490220070
14687523314641145
38779837696506920
86924074500475605
81905593151907096
15431285918848416
6333614349044328
22901376950667340
105269222515145358
7650616755977445
14717469290699157
11034082815547233
72454981099647475
78308994933580320
6963582091655700
119785921685366310
66367691962620224
14712004622847584
49530828380436585
142745745496456492
114256913923137874
126770763993731235
152486498557939630
80696283953049299
2323415435556600
71566735599605367
544823179472476
118412899347210930
8289862135549440
3837114167797815
73664944309143546
28201980388148045
219802991986858923
53930435387971707
20407043480105040
5048703701071766
95994048579305760
192501169613346672
7863975036707430
86243819357064102
4260750989149443
19380214871526732
15624540061674575
10994968349137670
31249555206124320
21059230625080530
40424927934965728
153069428188886048
63810892850229114
9579617729574972
10985545792873630
15758472723544800
11826730004060292
27044222968751040
171782345558775818
40718285423514064
101483208074043930
13847785278320124
102086070342439746
22956502958199126
45560071056299394
23219048687054605
3538664161215085
12244455047908252
160398417946842556
5818522621439952
60881832181834560
11433633963091950
21547355357327292
62026369313126500
50285912692438836
68351978237427308
159053767980860
10215799523880
50810315921370720
73854584449805760
119957751669511356
5046016038441480
63536463129323338
8397376428945001
24216245435060640
148085357572742471
113843155584930310
30148169465157192
3825178501310796
58286717688493695
23272609580772396
206192993667223517
4658256189641556
112932094148475914
4427257757947376
75117065626356648
35498568587826240
10308738029315688
101628571490013040
6025290100589020
34603188323540421
149737198045310586
103606096621308960
45642889057379883
25736351916380838
90428791060370880
118389433306566864
40757168467588950
95025942108975969
94541567048532345
59513837723364960
24693470142768700
27083024861431905
122997078210331248
23805825813519624
30971749860294958
98950453666334000
124320586927821074
61201841937492360
42473826490887990
37898126622214560
3530107510052370
103954237804535040
45989300956475565
123829274883908557
80775599321653168
10425101466830989
95081026148075520
125356556043259200
30516216667126591
24776876055699678
16767648040479011
38364346594927680
11493730211013232
198434911849589694
66030504994265760
40537134033230484
174891987753046479
22236246655281190
2234659586071120
60519746710151102
12859876613541617
29711953855282720
24584075766733183
79040548478372905
189047808730292402
53214392694827520
98678087898458769
11612459391827748
17036212801557735
154076720118838888
17680721311455189
1077916371221074
9009544225406884
67865222896463090
49104285195272958
30096333739971684
59006079905946292
165119872680122607
77218795338796800
53599195808787600
35737518917719774
6571544786801152
25126976315021889
37477251629157472
132721859791430
66138864569751600
177379854545383912
131183074974762852
35258300960044930
13545620452275800
33255010527513360
85222705122720718
3931616207538138
54276424402489241
48554502641281527
93912665075830255
45109645473489100
161116781890271556
132786245526473154
25840143980647086
43058741816469600
14549756791429152
138314831427062346
87923302312844756
5511271754871418
32138194110757913
57983901166432066
60888807416522460
55892391127054560
55031160030116948
42262164668739842
18806669235937440
52913522037058662
68581017895320150
42976902926961653
24015053957487840
76632847444187756
59681525645722680
110222025475644205
15729436393718355
62522779997845440
143146946792462
172304335004255636
37903290895435680
4837087940676673
57854329067597370
75148315662230481
91543543354721955
106462937090182428
40012484311754678
66313172485778735
100884400141655520
94834834179688890
213206389491797480
22327690580785353
5903183308017264
9138826998924480
55508585300240406
78209259906997440
5823969961368332
83378010042633900
9647931084831319
88190337076499430
950990497486995
97361182325571840
37434584403030618
8181419822973936
181984576057270396
145202499946654765
11105884731656175
89289142060438320
107709655481172654
21071705936669997
113719304994611560
21320172159843150
60779613322597599
44548419462711840
68973936952752006
32402172446834496
163281763873280119
103820972811121755
41383792052218960
92342374532616200
22384972633046400
69796658829792960
23627155934396440
67533284411658912
46567818981009440
12423286745524122
5327375515409856
120764137172159250
16835109479310564
51362763548133720
21057707677652045
38358280385402568
50289262271164800
52451694093483360
121423577979899150
21161261144199960
70564152889620440
34259671284806517
51179876468636895
107383025866568460
54355137044007
9697416847100127
20328215922006650
92994756603927714
201732704225878000
17764880668858856
5665806631141644
25476661208790415
79337089382274900
37134485467856205
74912086633363200
5829300432488550
15710965183825560
953861609984850
12286178638598592
11050725892215680
6401508389733448
64869676044326946
59829340178253250
110007782265804305
31042982315640900
58653873030299699
22006957667486792
73953087094342323
7422953259509620
102683719003114080
15692873283553026
141964902811668358
133493502077231790
2216717440358370
107739426381876936
28338653744457518
59349234510738310
66195360608508080
73815948209924336
60419751776617961
36610737765014670
135169316196062911
80881859742342300
139433908110814405
86940833910190410
54696769538670122
92135854814368904
32849101794854088
89291471144687730
140334349896078516
147456672477257970
147073044101655
38349750096669900
124984375914575385
72805555761114915
106112288635134800
74614763638237044
85311422217946254
17338262738201653
5304133964600328
7040112393830812
215940902128483460
39740122701871180
24245271825963705
54968636168546684
105448530563549580
48639743070027606
1962754609039740
103179166465265280
4962210448807340
22491694727537448
117650120895197708
78273244649952900
27352029625703730
90920410780094640
135009731741674688
107075250098419104
188939906155779822
17083662434792252
74796845797944
212353199250265248
51407681220769157
820402009773480
35341824834528040
138022734703312654
172864730222347100
40111583375730342
33679379798502904
19145789911245360
25003689512256000
8811308940353763
6429124679679296
13219491078521600
152627176693973952
137488712987326272
3780458946851712
44383216779324475
53277170094640800
13709854333768320
37239247665066447
12211124145356367
37627603760079932
48309799467985992
138514873000481949
167217769881321015
113994519344324815
134484092409337125
23728582211767267
147712933873166455
24182462181114224
57038444730692684
74203106318297600
997157059865004
55262242205052480
44565203350680480
9131250512904344
58979012677902720
32271220591702560
124380445658433315
62641988638032960
4860274484970606
17737141347460516
146890599977907234
19053861041382200
185978118829075203
46294612618652448
17777901627750530
140209870418451096
7694158172911500
92534210898025270
13307714203776598
21948297275454780
80212562719949950
5015624996491004
37435683301075616
240174145680217430
85485340741973632
126004658738536305
2820553890935040
82182204257405637
181825111820850520
2088574530850212
45580520983757760
14246116998252000
729871251453498
32835847797211680
27560973057939360
49310082902761892
61423758102975840
72598052047731496
16016132313142390
143956202735707875
67977543587653440
26155303407439884
93067379014290362
81646846681102335
192676192698662500
152515867855989408
5043242284943532
162431132613089913
4719607778976480
71151556329320040
11515733633220635
25824194857430000
76017979243175675
155660903566724809
28611795069411840
140106342383564760
6653877534330457
