489381316
1781798668
692453122
827476521
1854115758
979645053
494578124
385900506
113683973
739608470
860282809
487863540
471782695
778790499
890626248
750013019
549347565
1464596795
699581731
345975447
2536070904
2606111659
942415358
248487259
719918815
257075949
407052491
471530108
340041435
536981099
1287307868
867351342
768756050
419868392
823905986
519043456
266552593
323866413
863555449
2667059779
945339885
759615090
541579575
792184568
156257091
901113010
534446020
619066711
344809854
285181769
680043201
308521162
706187367
998714377
1203368273
710362109
685880874
817270407
2278290125
460289020
419868392
1454568895
760940973
616900751
2440403353
1120480212
1258318609
697198358
101922090
878539631
918422483
234897875
1069154842
825274674
687336296
4855726
380406221
365267676
106053557
93356306
147614865
497497890
143048643
999182991
24062287
107348688
1385449585
1942761966
860750578
118899343
800312718
1052228142
1898146343
540187080
568510318
1924330338
1968128318
409955862
2070688942
931883071
178755324
68835467
1902075024
53391020
847235442
293519418
428844953
354360654
140059451
568682122
708921626
842029353
617923823
981772141
686831944
2323654828
446934427
675641621
2029995939
110774986
269663380
1884900052
808877674
41391056
914307264
1550117432
57414151
35927086
456499704
318247582
576517842
260537679
81430647
680774870
303632093
713159141
664211818
1726235885
364922644
611047978
2139385977
864028537
328017091
719258871
354360654
897619325
57373842
171911962
17364275
374029909
889834471
845296563
42784387
807427763
566027368
1471814815
532372304
2775801695
427560848
557437264
357822007
760013368
678001239
1211256594
2278757493
684432874
478751859
1052228142
79145081
855909808
75165231
834011579
319859083
110801734
93217150
628033731
756568843
425900991
858832904
549760502
500362532
844593928
1482641494
583879602
345688084
41666667
280467490
302293814
857682647
500555045
1851924454
412962971
74920920
376457026
576797635
473755308
455051326
794953721
260640555
930618473
478325907
836022680
248986958
964545930
959532365
244230607
534590599
634710888
267281980
955173909
747824876
486506364
1498185207
604781386
2576761302
1407100423
234331140
403869727
92610941
838369391
36521532
419139344
236642417
979645053
933566096
778223639
209435317
317535457
1006632960
217947607
310315018
1902075024
61051491
1748073405
609971261
146274638
980736669
455765281
488905350
692453122
2477976038
805688819
242680051
422060039
300382604
841540458
2337184806
685737785
2375344100
606475829
866214629
989859767
1999230487
145626262
484600799
323866413
436889746
461601722
370239228
390339629
16027992
282509127
320401462
784342620
620925605
931883071
497062707
708270137
1716607280
128841215
497784495
713725798
580153748
686928314
153503814
771183775
527248127
820376302
237792665
245103915
650437201
325658480
790742123
597124476
674239165
1545996239
1088911131
1956756244
218004739
198387847
1791247942
73193526
937455573
838369391
498002037
875653107
989792879
219557921
807963821
16027992
3318287
54478503
1790948438
68902776
603061927
915181315
341014044
17592914
252034946
1116601966
723090122
456286540
2302545422
679615983
984809095
386927735
450881648
502267904
652819315
178755324
629450227
637054254
895503212
949024168
2996791348
281904132
321862531
479083531
2544117157
329249559
10551235
422954662
113761796
2300103903
214891511
1733068134
364833448
90904559
940428138
1983192820
2476241625
448635413
1839198994
608421568
698042604
805046093
494894927
549760502
890677049
837326390
145761775
700013266
407938109
44893094
899890349
162098823
561415092
2054331132
88389820
718108528
1659062777
495235160
887935840
215009160
2996791348
159266036
745565171
11672198
320044452
1995833173
242943558
264630714
378698006
290416066
277367836
19984348
486071166
513509813
2646272840
717138053
876980910
762469559
929248424
283651347
618895784
309781418
368821909
984809095
49319963
139541527
240126423
609619603
960539624
774544075
761178956
270029041
147171383
584311743
1033297355
886578283
365113557
823764346
911997061
494670816
922382613
1561082236
759116351
820075960
1632387096
95790548
916385806
399618006
244723146
2930461430
41914984
62791105
757720618
96805832
887985506
31935150
920673875
954739003
1214970025
243798058
453818927
454855534
56188367
208769487
539989340
860157875
441960449
392580265
1517945642
299458696
281256739
237792665
299458696
1616545537
880362392
121870861
800312718
1036778838
836645863
324663324
40277049
2244623988
107771301
302293814
888299048
672855976
254022058
1520989837
72931775
67652984
166140589
1224666526
484265247
283828469
557750631
523714341
834140740
1427082751
600120834
932109388
1220420749
905397367
233870779
147849920
924959381
585244112
481743645
1380722375
9374316
2423119287
1942219722
2042068739
713006693
2852057289
647962975
616434159
778809157
447695746
262458156
51949014
1754182160
788306017
1155247495
867239987
440942881
655877846
82322525
713006693
53257952
899030468
257151342
616074521
386927735
1625510472
62077176
742616617
1567050966
162143746
1395005867
1980601439
157056144
630245884
57176719
407447987
592893256
1016629203
704872123
178615387
2731038976
784723294
110874091
1435990877
1999253627
471449477
1120480212
159614634
36961800
586102337
1671757943
1175036876
20460789
377927363
935619097
977535949
908620956
91845011
710519336
935051281
462694484
390704950
439323693
1196364851
729008634
678265873
285189236
587776989
905397367
537522060
1472884878
907493095
632067787
630283581
603603918
1091626522
1359199762
1081513436
18981677
424715628
702549929
16027992
294977230
2936344821
1498185207
942913561
802040655
2731038976
143860332
409651919
1141987804
1441657740
193145494
402087866
1409194426
320321282
25168036
305948985
1096899373
533690168
930618473
500000003
746435535
74598011
890677049
115307858
296940288
877591060
1575960513
735838636
1674021351
228013657
405037793
978170659
876686497
757720618
10816910
930937318
685880874
998714377
393942771
717531053
688878967
589793394
779917636
1466092147
806786615
948186958
1414956530
736376225
1424616674
1522207024
807582385
1821386496
223279910
603783836
1153620061
1549612337
1839198994
1592894527
953356631
733261392
1392389123
1241779506
574979546
444646603
1885527350
136220345
259468685
863869399
676341395
1531329875
724430493
834818747
646189775
1528921233
340790076
827289850
75926448
330221905
604374936
1871069217
205030949
459244768
750013019
201946259
76923726
451284429
878908766
425935778
698611011
332745852
47692546
406629076
1928729520
605327881
199617841
352367434
454217321
648299049
343902831
91326649
377927363
555409907
143275693
174976949
656508372
682000531
726005777
517958376
2016026937
1948104319
18522183
701769210
607644320
1823667550
1959248470
808765204
942198383
357918003
162520414
415957298
746203077
1754182160
835689320
55828330
631684690
830219011
346373924
880236055
775256183
891228631
1667707629
617923823
1476351003
979245834
952268840
926584469
575845551
147849920
730277142
281105533
273799473
957628761
728079089
223248455
438331702
1697242358
999257497
1836839354
161992562
630662883
197120477
673158800
1124307477
72931775
619517903
231630316
568399158
978945869
1970486809
259910813
680043201
467167851
11269243
355837194
944660486
583753762
305521358
189316821
482879484
19425157
932975307
1660776443
295058722
488574551
756546020
1290971777
1898146343
623177501
512672318
662241795
538892648
138448475
1482641494
940428138
242943558
1754695138
438426415
305212913
282587899
129815446
857047132
1101438101
327351505
737787426
915313636
64628765
770548344
2951210096
199152935
160061995
381082081
962501820
697720683
833333341
456286540
154509428
1897825051
778640530
166374059
1997429748
486506364
814641919
19984348
1979820954
1437057720
483480665
245070175
603603918
369377539
655261819
47643776
413895133
152146094
353200150
323421544
968244281
444646603
2018909560
841398049
2354376575
328580333
358039336
161338190
444301401
2642748476
530309960
57061065
615773403
408288017
708921626
712154761
481378028
118671276
879385274
550886964
924943078
551109620
641585258
23585365
602676714
2845119784
324577886
26093413
2060093565
892242389
295745622
509787479
2798331328
31645353
40277049
943215701
403869727
132648987
2355650320
951489166
698209446
502340809
814641919
969142841
669861777
347535095
713015617
76539135
124818975
942455360
477915565
310315018
1783314733
1965222532
679225646
725968340
807564333
244221084
591613336
145990754
2239255703
132443633
1748808364
102822292
1809704104
550886964
855809698
146808268
640283098
212813084
1427082751
2222643397
1788414356
175773195
788272198
932975307
595230359
722928757
2840540610
1683296262
118899343
873441865
24801979
342591540
1054688462
687657489
920022912
435760235
631261180
1532312780
1897761000
220953937
817726504
954527247
262652254
872424225
170256120
2681803327
373679657
576120733
188912429
116316278
178549862
1145928044
55140240
1301885216
2370881366
997479397
13755901
653620871
917982226
272191184
27235415
1776858851
549229425
62791105
15872576
595230359
937607747
2064368551
364922644
95688730
865984807
329625128
599708578
211452699
402671392
1891900589
1598448760
946874986
318247582
551527985
687296805
614618930
620492582
1218251885
589975176
299739427
926771380
149325732
889608364
212506562
582999384
339396596
1101438101
815208922
2850664484
881265256
617455492
376957503
681390315
674622428
630085205
1935135421
1886562729
786954276
59553628
23522769
250511079
845296563
992951474
176683121
584339266
357210812
884662296
863880406
542153018
1922610773
951184943
200823103
1528921233
865984807
935051281
827476521
468355251
349188648
305449265
671658757
823603232
1527997108
442084100
2340205895
402187573
857800994
246600911
22774698
569137250
93250381
2900107859
354219424
853030863
2593421661
254946075
410593627
677290143
108234588
356847146
1984061131
453109307
1570301494
311939982
700524159
780095477
728952607
279619883
774205612
1544565931
248824132
159268305
468998309
1703449838
745244617
756095388
407938109
216964385
586102337
453084385
442296160
50769080
921120970
0
