2541145
3593091
1362704
20480
259697
110786
193004
135
559428
16018
16280
160068
0
0
2
22673
8
798002
146
0
0
0
0
0
911296
0
16176
0
0
20290
0
66
30469
30534
65
1
106
44
91
97
86
5
0
50118
35814
31935
35821
12725
16712
4
51369
66003
8
36132
6
85937
63205
4
17385
13
13396
84015
6016
198959
2
8
144699
63557
6
105030
2
131740
29348
16686
0
32258
1
153
100
6
0
33908
65796
2941
5
65974
0
13083
24252
14485
17
0
13503
27088
10
94445
964
1
11338
8
11
9
2
91145
78
0
0
16666
11251
22
1
17
3
26662
94
33479
18160
1
15182
303
5
34486
124
27
1
2
12488
0
17020
11559
43098
43154
0
1
0
1
10
21
16
16
0
1
15770
14630
46366
14347
30932
16642
0
0
0
0
15930
15
2
19610
2
11865
33912
33900
3
11
3
8
15726
15753
18254
34
44
10
41
7
33942
26
74013
15
18990
14
12
22
33471
33466
11960
15726
15731
15758
24
10
15730
46156
7
0
12384
40227
27845
39194
27893
39188
2
8
0
24
4
17480
0
116384
55370
37877
17502
31
21
3
2
2
68644
37281
17916
17918
11
5
12
63
42
52
64012
64015
1
33661
4
10449
11
29815
63446
33
17042
43
43028
10473
4
19892
19882
34
17745
31
17006
12
12316
1
15041
17660
43
28
37
21340
12
14
37668
25137
13264
1
15829
53589
17821
15
17808
51448
26632
26
34
54
53
15
126
111
2
42921
46
31
24
12297
44
61
67
1
10835
14038
2
38
24
4
0
13
11491
56
13
2
28477
77
15558
15560
15182
26059
29991
15
7
3
15
45
0
10
0
12
10150
10099
2
25753
57
9
33576
16455
5
15055
18131
1
44492
18136
0
5
14
15057
0
22
22
5
0
0
0
33398
