606242
1128635
337896
321121
227
471626
380768
94188
527
118
19024
10332
26168
25046
14770
232
37
282
23162
32
16
110957
336
72856
37160
35000
36961
175
0
93
6
35
176162
23
69283
4
64557
13568
121439
145
97345
163
254
11691
75
0
50108
330
100038
75734
5
12703
1
0
58599
132212
2
126835
0
17067
65511
32732
32727
17069
5
6
31938
31
9
0
49994
6
47967
10367
14745
6
128291
104455
0
72669
15633
11565
8
12549
36786
76509
0
134623
47346
35802
24301
111611
1
14872
64028
14880
14856
3
14644
49147
2
49118
3
2
1
18441
28432
38868
20468
1
26253
37604
0
37039
54724
10
8
65182
19136
9
11
17
34073
0
14951
42804
30268
110423
11
140856
19347
0
0
0
1
43076
43076
17827
4
11914
0
16
10937
147521
36831
0
86624
13257
13256
0
13256
13263
13256
13271
3
9
77591
5
0
5
18754
0
0
0
17873
44580
110923
0
29082
42426
33
23
26
0
53
71
22
20
10489
47819
71588
10487
40522
17
78650
8
9
34
8
14197
10584
24760
1
28007
28004
2
1
2
12
21
3
1
51486
2
4
101557
29
31388
9
51444
19180
2
19184
19177
0
11757
51464
172234
4
30710
15395
15478
5
33285
17896
96471
11239
16
49768
49766
49728
38132
19263
31421
19608
47698
11
15
19321
32531
36633
12180
12
12180
10
14
51506
33
12521
36792
14743
6
13931
30102
0
71
22
10
27
15234
15078
51
48181
98854
35935
35915
19115
57594
23
76
37
26
6
5
51792
106006
0
35872
19416
0
98216
10
0
2
16
0
115898
46075
18
42
49
9
98356
2
16861
57842
10
0
36
16
16
12
1
34
1
5
8
8
8
116516
94901
15459
64371
0
3
28
3
0
0
72783
46071
4
98371
1
3
70448
19120
67461
13218
13237
46064
1
27
39519
1
200792
16672
164075
161745
26
57601
2
