3768912
8916822
5879844
186512
500550
195
1717170
268621
1044
1908
919
181
361
418
1875168
43056
10656
36010
78895
838
885646
11206
1370527
229
457
1999702
52
19816
186
137
94473
780
18967
865
18771
40
132
13168
23943
144
467
69
100
6
259
82
6
116
14573
49
40
10
34
0
12931
12939
12947
16248
41129
41117
10546
27
10518
59485
114380
59478
15287
15299
14703
2
1
23
18
34
48132
41
61
16
77
30246
116404
5
116358
30
33331
136009
55
13524
39
121700
12419
38
44
12
13
14793
14792
14797
23831
29
53
23866
23866
198345
4
19
7
31329
44757
17254
22
27
55
37
30
71
19
0
0
17765
22
17749
17755
17738
43654
15907
30
9
42062
11365
39676
16808
39667
161499
39655
39683
34620
19
96392
4
29373
97
37
63
29431
60
22
43
5
5
25413
25541
30561
30564
16
24
46
76
20
34
73
0
0
20
61
0
32761
13319
32716
13315
71
25
34
42
13
1
31345
11039
11034
11955
152530
11946
76308
76310
11955
77997
19147
108
46179
46205
66161
66183
27656
0
2
2
16911
17827
40
15664
15590
28097
12
17260
13
11
54
14
35179
10
14
14
14
18939
5
5
5
12
17
14
2
7
100380
31687
28405
13957
89913
49347
6
27
34469
38
42
84
54
25
18
48
71
15513
10
34
29392
10
14
38
0
0
85803
7
34521
0
32809
29086
64726
0
4
4
12
16410
28497
3
18665
3
0
18681
18653
12041
14095
32780
14095
11016
11037
11034
11033
11
6
3
39
12
19383
13298
13289
16
10
0
1
13
12761
5
88499
60
66548
27701
36311
25
31635
15435
38119
65184
53133
49
18662
23
23
5
43938
18
22
12468
11553
0
24007
23957
11566
11558
17
10
21
12413
36
68028
102490
34495
111
3
11171
56874
1
20
15409
58
28753
6
10
2
51
28
11710
29952
0
3
15
3
0
10
