806084096
117884357
581509507
903754571
381316325
789203673
312340523
659242359
741787988
89040104
49533777
932798119
874431744
509137985
211
470518795
384979225
368703630
39727402
70723129
379840250
1935936
564963826
204456898
20427571
611024469
242
1759920
87139062
194290166
98
9538487
338
156674
7068
651335354
138313455
346819904
139
21648252
2639296
695948039
429211249
337517382
968072133
307831330
117980174
452614029
967528954
821184386
568636876
717971893
516534351
384247156
572942860
110284886
563011387
859731558
148415138
227871
363999715
266811821
790432370
347473863
373117366
882877795
34907832
109672493
101747148
868951906
788304434
991645164
266799534
1053975
434024367
96451766
172467592
758886361
12139474
240300534
784091196
656235713
890580611
594263239
209096536
178
7181195
48957854
725023343
113
462553410
100
309951741
274388205
314110610
129666284
695051221
880770748
560327969
297400444
158
1806095
921122169
638719435
279918518
336276327
304981080
170
2061653
677640832
153477090
7721628
467169624
845550
2389671
8981444
334
575798325
425991846
822930668
323295817
643239304
912595631
915195621
887903772
628222640
137
579853186
567041242
776579626
980297590
928774642
224646887
2083448
732258545
943369240
2269210
991592140
794179239
1335316
140661039
950095897
890351865
197528016
1184156
781461474
1498408
561180784
837384854
668558
989734072
195426333
705750637
831851581
265442164
941764385
766978240
216719251
870960
73980512
392593462
415162374
4024867
591426732
2554483
699727629
532817408
276551398
314809351
673764345
198237983
322
609379824
950434190
177
491884538
519100158
690667400
629094857
623415496
22114752
185717843
6753739
999821553
917393974
477069465
781158677
6554846
20
732131996
739736496
194141448
47112457
822825580
5190011
960727769
727611401
350
189300575
145424160
51100915
698489409
126594513
73
3987926
568856686
406883379
591373
137194328
2538757
222428200
806253388
14816628
268839985
732193551
654876090
421322050
446399207
52
255272915
275259174
525744980
997769682
906334231
707746829
182525
808849895
6628423
498252861
965475400
5716586
576399790
7433997
371830026
941326539
630057809
763919781
529766999
632716701
885675402
821009067
21870827
739058337
578934072
674986488
555238661
172481545
642165526
187
118077568
43
756872019
257820408
19
441645049
80597393
855441177
901787620
942925307
113529906
985007213
